c:\graphicsprogramming\pureengine\pureengine\x64\debug\vc143.pdb
c:\graphicsprogramming\pureengine\pureengine\x64\debug\vc143.idb
c:\graphicsprogramming\pureengine\pureengine\x64\debug\core_setup_message.obj
c:\graphicsprogramming\pureengine\pureengine\x64\debug\core_setup_force_cxx98.obj
c:\graphicsprogramming\pureengine\pureengine\x64\debug\core_func_vector_relational.obj
c:\graphicsprogramming\pureengine\pureengine\x64\debug\core_func_trigonometric.obj
c:\graphicsprogramming\pureengine\pureengine\x64\debug\core_func_swizzle.obj
c:\graphicsprogramming\pureengine\pureengine\x64\debug\core_func_packing.obj
c:\graphicsprogramming\pureengine\pureengine\x64\debug\core_func_noise.obj
c:\graphicsprogramming\pureengine\pureengine\x64\debug\core_func_matrix.obj
c:\graphicsprogramming\pureengine\pureengine\x64\debug\core_func_integer_bit_count.obj
c:\graphicsprogramming\pureengine\pureengine\x64\debug\core_func_integer.obj
c:\graphicsprogramming\pureengine\pureengine\x64\debug\core_func_geometric.obj
c:\graphicsprogramming\pureengine\pureengine\x64\debug\core_func_exponential.obj
c:\graphicsprogramming\pureengine\pureengine\x64\debug\core_force_unrestricted_gentype.obj
c:\graphicsprogramming\pureengine\pureengine\x64\debug\core_force_pure.obj
c:\graphicsprogramming\pureengine\pureengine\x64\debug\bug_ms_vec_static.obj
c:\graphicsprogramming\pureengine\pureengine\x64\debug\glm.obj
c:\graphicsprogramming\pureengine\pureengine\x64\debug\dummy.obj
c:\graphicsprogramming\pureengine\pureengine\x64\debug\core_type_vec4.obj
c:\graphicsprogramming\pureengine\pureengine\x64\debug\core_type_vec3.obj
c:\graphicsprogramming\pureengine\pureengine\x64\debug\core_type_vec2.obj
c:\graphicsprogramming\pureengine\pureengine\x64\debug\core_type_vec1.obj
c:\graphicsprogramming\pureengine\pureengine\x64\debug\core_type_mat4x4.obj
c:\graphicsprogramming\pureengine\pureengine\x64\debug\core_type_mat4x3.obj
c:\graphicsprogramming\pureengine\pureengine\x64\debug\core_type_mat4x2.obj
c:\graphicsprogramming\pureengine\pureengine\x64\debug\core_type_mat3x4.obj
c:\graphicsprogramming\pureengine\pureengine\x64\debug\core_type_mat3x3.obj
c:\graphicsprogramming\pureengine\pureengine\x64\debug\core_type_mat3x2.obj
c:\graphicsprogramming\pureengine\pureengine\x64\debug\core_type_mat2x4.obj
c:\graphicsprogramming\pureengine\pureengine\x64\debug\core_type_mat2x3.obj
c:\graphicsprogramming\pureengine\pureengine\x64\debug\core_type_mat2x2.obj
c:\graphicsprogramming\pureengine\pureengine\x64\debug\core_type_length.obj
c:\graphicsprogramming\pureengine\pureengine\x64\debug\core_type_int.obj
c:\graphicsprogramming\pureengine\pureengine\x64\debug\core_type_float.obj
c:\graphicsprogramming\pureengine\pureengine\x64\debug\core_type_ctor.obj
c:\graphicsprogramming\pureengine\pureengine\x64\debug\core_type_cast.obj
c:\graphicsprogramming\pureengine\pureengine\x64\debug\core_type_aligned.obj
c:\graphicsprogramming\pureengine\pureengine\x64\debug\core_setup_precision.obj
c:\graphicsprogramming\pureengine\pureengine\x64\debug\gtc_type_ptr.obj
c:\graphicsprogramming\pureengine\pureengine\x64\debug\gtc_type_precision.obj
c:\graphicsprogramming\pureengine\pureengine\x64\debug\gtc_type_aligned.obj
c:\graphicsprogramming\pureengine\pureengine\x64\debug\gtc_round.obj
c:\graphicsprogramming\pureengine\pureengine\x64\debug\gtc_reciprocal.obj
c:\graphicsprogramming\pureengine\pureengine\x64\debug\gtc_random.obj
c:\graphicsprogramming\pureengine\pureengine\x64\debug\gtc_quaternion.obj
c:\graphicsprogramming\pureengine\pureengine\x64\debug\gtc_packing.obj
c:\graphicsprogramming\pureengine\pureengine\x64\debug\gtc_matrix_transform.obj
c:\graphicsprogramming\pureengine\pureengine\x64\debug\gtc_matrix_inverse.obj
c:\graphicsprogramming\pureengine\pureengine\x64\debug\gtc_matrix_integer.obj
c:\graphicsprogramming\pureengine\pureengine\x64\debug\gtc_matrix_access.obj
c:\graphicsprogramming\pureengine\pureengine\x64\debug\gtc_integer.obj
c:\graphicsprogramming\pureengine\pureengine\x64\debug\gtc_functions.obj
c:\graphicsprogramming\pureengine\pureengine\x64\debug\gtc_epsilon.obj
c:\graphicsprogramming\pureengine\pureengine\x64\debug\gtc_constants.obj
c:\graphicsprogramming\pureengine\pureengine\x64\debug\gtc_color_space.obj
c:\graphicsprogramming\pureengine\pureengine\x64\debug\gtc_bitfield.obj
c:\graphicsprogramming\pureengine\pureengine\x64\debug\gtx_gradient_paint.obj
c:\graphicsprogramming\pureengine\pureengine\x64\debug\gtx_fast_trigonometry.obj
c:\graphicsprogramming\pureengine\pureengine\x64\debug\gtx_fast_square_root.obj
c:\graphicsprogramming\pureengine\pureengine\x64\debug\gtx_fast_exponential.obj
c:\graphicsprogramming\pureengine\pureengine\x64\debug\gtx_extented_min_max.obj
c:\graphicsprogramming\pureengine\pureengine\x64\debug\gtx_extended_min_max.obj
c:\graphicsprogramming\pureengine\pureengine\x64\debug\gtx_extend.obj
c:\graphicsprogramming\pureengine\pureengine\x64\debug\gtx_euler_angle.obj
c:\graphicsprogramming\pureengine\pureengine\x64\debug\gtx_dual_quaternion.obj
c:\graphicsprogramming\pureengine\pureengine\x64\debug\gtx_component_wise.obj
c:\graphicsprogramming\pureengine\pureengine\x64\debug\gtx_compatibility.obj
c:\graphicsprogramming\pureengine\pureengine\x64\debug\gtx_common.obj
c:\graphicsprogramming\pureengine\pureengine\x64\debug\gtx_color_space_ycocg.obj
c:\graphicsprogramming\pureengine\pureengine\x64\debug\gtx_color_space.obj
c:\graphicsprogramming\pureengine\pureengine\x64\debug\gtx_closest_point.obj
c:\graphicsprogramming\pureengine\pureengine\x64\debug\gtx_associated_min_max.obj
c:\graphicsprogramming\pureengine\pureengine\x64\debug\gtx.obj
c:\graphicsprogramming\pureengine\pureengine\x64\debug\gtc_vec1.obj
c:\graphicsprogramming\pureengine\pureengine\x64\debug\gtc_ulp.obj
c:\graphicsprogramming\pureengine\pureengine\x64\debug\gtx_orthonormalize.obj
c:\graphicsprogramming\pureengine\pureengine\x64\debug\gtx_optimum_pow.obj
c:\graphicsprogramming\pureengine\pureengine\x64\debug\gtx_number_precision.obj
c:\graphicsprogramming\pureengine\pureengine\x64\debug\gtx_normalize_dot.obj
c:\graphicsprogramming\pureengine\pureengine\x64\debug\gtx_normal.obj
c:\graphicsprogramming\pureengine\pureengine\x64\debug\gtx_norm.obj
c:\graphicsprogramming\pureengine\pureengine\x64\debug\gtx_mixed_product.obj
c:\graphicsprogramming\pureengine\pureengine\x64\debug\gtx_matrix_transform_2d.obj
c:\graphicsprogramming\pureengine\pureengine\x64\debug\gtx_matrix_query.obj
c:\graphicsprogramming\pureengine\pureengine\x64\debug\gtx_matrix_operation.obj
c:\graphicsprogramming\pureengine\pureengine\x64\debug\gtx_matrix_major_storage.obj
c:\graphicsprogramming\pureengine\pureengine\x64\debug\gtx_matrix_interpolation.obj
c:\graphicsprogramming\pureengine\pureengine\x64\debug\gtx_matrix_decompose.obj
c:\graphicsprogramming\pureengine\pureengine\x64\debug\gtx_matrix_cross_product.obj
c:\graphicsprogramming\pureengine\pureengine\x64\debug\gtx_log_base.obj
c:\graphicsprogramming\pureengine\pureengine\x64\debug\gtx_io.obj
c:\graphicsprogramming\pureengine\pureengine\x64\debug\gtx_int_10_10_10_2.obj
c:\graphicsprogramming\pureengine\pureengine\x64\debug\gtx_intersect.obj
c:\graphicsprogramming\pureengine\pureengine\x64\debug\gtx_integer.obj
c:\graphicsprogramming\pureengine\pureengine\x64\debug\gtx_handed_coordinate_space.obj
c:\graphicsprogramming\pureengine\pureengine\x64\debug\input.obj
c:\graphicsprogramming\pureengine\pureengine\x64\debug\camera.obj
c:\graphicsprogramming\pureengine\pureengine\x64\debug\main.obj
c:\graphicsprogramming\pureengine\pureengine\x64\debug\gtx_wrap.obj
c:\graphicsprogramming\pureengine\pureengine\x64\debug\gtx_vector_query.obj
c:\graphicsprogramming\pureengine\pureengine\x64\debug\gtx_vector_angle.obj
c:\graphicsprogramming\pureengine\pureengine\x64\debug\gtx_type_trait.obj
c:\graphicsprogramming\pureengine\pureengine\x64\debug\gtx_type_aligned.obj
c:\graphicsprogramming\pureengine\pureengine\x64\debug\gtx_string_cast.obj
c:\graphicsprogramming\pureengine\pureengine\x64\debug\gtx_spline.obj
c:\graphicsprogramming\pureengine\pureengine\x64\debug\gtx_scalar_relational.obj
c:\graphicsprogramming\pureengine\pureengine\x64\debug\gtx_scalar_multiplication.obj
c:\graphicsprogramming\pureengine\pureengine\x64\debug\gtx_rotate_vector.obj
c:\graphicsprogramming\pureengine\pureengine\x64\debug\gtx_rotate_normalized_axis.obj
c:\graphicsprogramming\pureengine\pureengine\x64\debug\gtx_range.obj
c:\graphicsprogramming\pureengine\pureengine\x64\debug\gtx_quaternion.obj
c:\graphicsprogramming\pureengine\pureengine\x64\debug\gtx_projection.obj
c:\graphicsprogramming\pureengine\pureengine\x64\debug\gtx_polar_coordinates.obj
c:\graphicsprogramming\pureengine\pureengine\x64\debug\gtx_perpendicular.obj
c:\graphicsprogramming\pureengine\pureengine\x64\debug\renderer.obj
c:\graphicsprogramming\pureengine\pureengine\x64\debug\shader.obj
c:\graphicsprogramming\pureengine\pureengine\x64\debug\pureengine.ilk
c:\graphicsprogramming\pureengine\x64\debug\pureengine.pdb
c:\graphicsprogramming\pureengine\pureengine\x64\debug\pureengine.tlog\cl.command.1.tlog
c:\graphicsprogramming\pureengine\pureengine\x64\debug\pureengine.tlog\cl.items.tlog
c:\graphicsprogramming\pureengine\pureengine\x64\debug\pureengine.tlog\cl.read.1.tlog
c:\graphicsprogramming\pureengine\pureengine\x64\debug\pureengine.tlog\cl.write.1.tlog
c:\graphicsprogramming\pureengine\pureengine\x64\debug\pureengine.tlog\link-cvtres.read.1.tlog
c:\graphicsprogramming\pureengine\pureengine\x64\debug\pureengine.tlog\link-cvtres.write.1.tlog
c:\graphicsprogramming\pureengine\pureengine\x64\debug\pureengine.tlog\link-rc.read.1.tlog
c:\graphicsprogramming\pureengine\pureengine\x64\debug\pureengine.tlog\link-rc.write.1.tlog
c:\graphicsprogramming\pureengine\pureengine\x64\debug\pureengine.tlog\link.5284-cvtres.read.1.tlog
c:\graphicsprogramming\pureengine\pureengine\x64\debug\pureengine.tlog\link.5284-cvtres.write.1.tlog
c:\graphicsprogramming\pureengine\pureengine\x64\debug\pureengine.tlog\link.5284-rc.read.1.tlog
c:\graphicsprogramming\pureengine\pureengine\x64\debug\pureengine.tlog\link.5284-rc.write.1.tlog
c:\graphicsprogramming\pureengine\pureengine\x64\debug\pureengine.tlog\link.5284.read.1.tlog
c:\graphicsprogramming\pureengine\pureengine\x64\debug\pureengine.tlog\link.5284.read.2.tlog
c:\graphicsprogramming\pureengine\pureengine\x64\debug\pureengine.tlog\link.5284.write.1.tlog
c:\graphicsprogramming\pureengine\pureengine\x64\debug\pureengine.tlog\link.command.1.tlog
c:\graphicsprogramming\pureengine\pureengine\x64\debug\pureengine.tlog\link.read.1.tlog
c:\graphicsprogramming\pureengine\pureengine\x64\debug\pureengine.tlog\link.read.2.tlog
c:\graphicsprogramming\pureengine\pureengine\x64\debug\pureengine.tlog\link.secondary.1.tlog
c:\graphicsprogramming\pureengine\pureengine\x64\debug\pureengine.tlog\link.write.1.tlog
